Using pre-set license
Built from '2020.3/staging' branch; Version is '2020.3.17f1 (a4537701e4ab) revision 10769271'; Using compiler version '192528614'; Build Type 'Release'
OS: 'Windows 10 Pro for Workstations; OS build 18362.30; Version 1903; 64bit' Language: 'ko' Physical Memory: 32694 MB
BatchMode: 1, IsHumanControllingUs: 0, StartBugReporterOnCrash: 0, Is64bit: 1, IsPro: 0

COMMAND LINE ARGUMENTS:
C:\Program Files\Unity\Hub\Editor\2020.3.17f1\Editor\Unity.exe
-adb2
-batchMode
-noUpm
-name
AssetImportWorker0
-projectPath
C:/Users/정보 R&E실 최고의 컴퓨터/Documents/Unity-Yeah
-logFile
Logs/AssetImportWorker0.log
-srvPort
53368
Successfully changed project path to: C:/Users/정보 R&E실 최고의 컴퓨터/Documents/Unity-Yeah
C:/Users/정보 R&E실 최고의 컴퓨터/Documents/Unity-Yeah
Using Asset Import Pipeline V2.
Refreshing native plugins compatible for Editor in 28.07 ms, found 3 plugins.
Preloading 0 native plugins for Editor in 0.00 ms.
Initialize engine version: 2020.3.17f1 (a4537701e4ab)
[Subsystems] Discovering subsystems at path C:/Program Files/Unity/Hub/Editor/2020.3.17f1/Editor/Data/Resources/UnitySubsystems
[Subsystems] Discovering subsystems at path C:/Users/정보 R&E실 최고의 컴퓨터/Documents/Unity-Yeah/Assets
GfxDevice: creating device client; threaded=0
Direct3D:
    Version:  Direct3D 11.0 [level 11.1]
    Renderer: NVIDIA GeForce RTX 3060 (ID=0x2504)
    Vendor:   
    VRAM:     12143 MB
    Driver:   30.0.14.7141
Initialize mono
Mono path[0] = 'C:/Program Files/Unity/Hub/Editor/2020.3.17f1/Editor/Data/Managed'
Mono path[1] = 'C:/Program Files/Unity/Hub/Editor/2020.3.17f1/Editor/Data/MonoBleedingEdge/lib/mono/unityjit'
Mono config path = 'C:/Program Files/Unity/Hub/Editor/2020.3.17f1/Editor/Data/MonoBleedingEdge/etc'
Using monoOptions --debugger-agent=transport=dt_socket,embedding=1,server=y,suspend=n,address=127.0.0.1:56272
Begin MonoManager ReloadAssembly
Registering precompiled unity dll's ...
Register platform support module: C:/Program Files/Unity/Hub/Editor/2020.3.17f1/Editor/Data/PlaybackEngines/WindowsStandaloneSupport/UnityEditor.WindowsStandalone.Extensions.dll
Registered in 0.000837 seconds.
Native extension for WindowsStandalone target not found
Refreshing native plugins compatible for Editor in 27.51 ms, found 3 plugins.
Preloading 0 native plugins for Editor in 0.00 ms.
Mono: successfully reloaded assembly
- Completed reload, in  0.548 seconds
Domain Reload Profiling:
	ReloadAssembly (548ms)
		BeginReloadAssembly (32ms)
			ExecutionOrderSort (0ms)
			DisableScriptedObjects (0ms)
			BackupInstance (0ms)
			ReleaseScriptingObjects (0ms)
			CreateAndSetChildDomain (1ms)
		EndReloadAssembly (250ms)
			LoadAssemblies (31ms)
			RebuildTransferFunctionScriptingTraits (0ms)
			SetupTypeCache (88ms)
			ReleaseScriptCaches (0ms)
			RebuildScriptCaches (17ms)
			SetupLoadedEditorAssemblies (102ms)
				LogAssemblyErrors (0ms)
				InitializePlatformSupportModulesInManaged (2ms)
				SetLoadedEditorAssemblies (0ms)
				RefreshPlugins (28ms)
				BeforeProcessingInitializeOnLoad (5ms)
				ProcessInitializeOnLoadAttributes (49ms)
				ProcessInitializeOnLoadMethodAttributes (18ms)
				AfterProcessingInitializeOnLoad (0ms)
				EditorAssembliesLoaded (0ms)
			ExecutionOrderSort2 (0ms)
			AwakeInstancesAfterBackupRestoration (0ms)
Platform modules already initialized, skipping
Registering precompiled user dll's ...
Registered in 0.002277 seconds.
Begin MonoManager ReloadAssembly
Native extension for WindowsStandalone target not found
Refreshing native plugins compatible for Editor in 27.76 ms, found 3 plugins.
Preloading 0 native plugins for Editor in 0.00 ms.
log4net:ERROR Error while loading XML configuration
System.Xml.XmlException: ' ' is an unexpected token. The expected token is ';'. Line 3, position 34.
  at System.Xml.XmlTextReaderImpl.Throw (System.Exception e) [0x00027] in <0f9699188f0c414ea6fb5557f5c16d15>:0 
  at System.Xml.XmlTextReaderImpl.Throw (System.String res, System.String[] args) [0x00029] in <0f9699188f0c414ea6fb5557f5c16d15>:0 
  at System.Xml.XmlTextReaderImpl.ThrowUnexpectedToken (System.String expectedToken1, System.String expectedToken2) [0x00036] in <0f9699188f0c414ea6fb5557f5c16d15>:0 
  at System.Xml.XmlTextReaderImpl.ThrowUnexpectedToken (System.Int32 pos, System.String expectedToken1, System.String expectedToken2) [0x0000c] in <0f9699188f0c414ea6fb5557f5c16d15>:0 
  at System.Xml.XmlTextReaderImpl.ThrowUnexpectedToken (System.Int32 pos, System.String expectedToken) [0x00000] in <0f9699188f0c414ea6fb5557f5c16d15>:0 
  at System.Xml.XmlTextReaderImpl.HandleEntityReference (System.Boolean isInAttributeValue, System.Xml.XmlTextReaderImpl+EntityExpandType expandType, System.Int32& charRefEndPos) [0x000e5] in <0f9699188f0c414ea6fb5557f5c16d15>:0 
  at System.Xml.XmlTextReaderImpl.ParseAttributeValueSlow (System.Int32 curPos, System.Char quoteChar, System.Xml.XmlTextReaderImpl+NodeData attr) [0x002a5] in <0f9699188f0c414ea6fb5557f5c16d15>:0 
  at System.Xml.XmlTextReaderImpl.ParseAttributes () [0x0039a] in <0f9699188f0c414ea6fb5557f5c16d15>:0 
  at System.Xml.XmlTextReaderImpl.ParseElement () [0x001df] in <0f9699188f0c414ea6fb5557f5c16d15>:0 
  at System.Xml.XmlTextReaderImpl.ParseElementContent () [0x0016f] in <0f9699188f0c414ea6fb5557f5c16d15>:0 
  at System.Xml.XmlTextReaderImpl.Read () [0x00085] in <0f9699188f0c414ea6fb5557f5c16d15>:0 
  at System.Xml.XmlLoader.LoadNode (System.Boolean skipOverWhitespace) [0x0025b] in <0f9699188f0c414ea6fb5557f5c16d15>:0 
  at System.Xml.XmlLoader.LoadDocSequence (System.Xml.XmlDocument parentDoc) [0x0001b] in <0f9699188f0c414ea6fb5557f5c16d15>:0 
  at System.Xml.XmlLoader.Load (System.Xml.XmlDocument doc, System.Xml.XmlReader reader, System.Boolean preserveWhitespace) [0x000b4] in <0f9699188f0c414ea6fb5557f5c16d15>:0 
  at System.Xml.XmlDocument.Load (System.Xml.XmlReader reader) [0x0002e] in <0f9699188f0c414ea6fb5557f5c16d15>:0 
  at log4net.Config.XmlConfigurator.InternalConfigure (log4net.Repository.ILoggerRepository repository, System.IO.Stream configStream) [0x00063] in <e1a77b5dfa0c4a1f8ba616c017f5e0b8>:0 
Mono: successfully reloaded assembly
- Completed reload, in  0.708 seconds
Domain Reload Profiling:
	ReloadAssembly (708ms)
		BeginReloadAssembly (85ms)
			ExecutionOrderSort (0ms)
			DisableScriptedObjects (3ms)
			BackupInstance (0ms)
			ReleaseScriptingObjects (0ms)
			CreateAndSetChildDomain (13ms)
		EndReloadAssembly (586ms)
			LoadAssemblies (54ms)
			RebuildTransferFunctionScriptingTraits (0ms)
			SetupTypeCache (169ms)
			ReleaseScriptCaches (0ms)
			RebuildScriptCaches (28ms)
			SetupLoadedEditorAssemblies (255ms)
				LogAssemblyErrors (0ms)
				InitializePlatformSupportModulesInManaged (2ms)
				SetLoadedEditorAssemblies (0ms)
				RefreshPlugins (28ms)
				BeforeProcessingInitializeOnLoad (42ms)
				ProcessInitializeOnLoadAttributes (171ms)
				ProcessInitializeOnLoadMethodAttributes (8ms)
				AfterProcessingInitializeOnLoad (3ms)
				EditorAssembliesLoaded (0ms)
			ExecutionOrderSort2 (0ms)
			AwakeInstancesAfterBackupRestoration (4ms)
Platform modules already initialized, skipping
========================================================================
Worker process is ready to serve import requests
Launched and connected shader compiler UnityShaderCompiler.exe after 0.02 seconds
Refreshing native plugins compatible for Editor in 0.74 ms, found 3 plugins.
Preloading 0 native plugins for Editor in 0.00 ms.
Unloading 2094 Unused Serialized files (Serialized files now loaded: 0)
System memory in use before: 93.1 MB.
System memory in use after: 93.2 MB.

Unloading 28 unused Assets to reduce memory usage. Loaded Objects now: 2531.
Total: 2.389700 ms (FindLiveObjects: 0.134600 ms CreateObjectMapping: 0.048100 ms MarkObjects: 2.158100 ms  DeleteObjects: 0.048200 ms)

AssetImportParameters requested are different than current active one (requested -> active):
  custom:framework-win-MediaFoundation: 216162199b28c13a410421893ffa2e32 -> 
  custom:video-decoder-ogg-theora: a1e56fd34408186e4bbccfd4996cb3dc -> 
  custom:container-muxer-webm: aa71ff27fc2769a1b78a27578f13a17b -> 
  custom:container-demuxer-webm: 4f35f7cbe854078d1ac9338744f61a02 -> 
  custom:container-demuxer-ogg: 62fdf1f143b41e24485cea50d1cbac27 -> 
  custom:video-encoder-webm-vp8: eb34c28f22e8b96e1ab97ce403110664 -> 
  custom:video-decoder-webm-vp8: 9c59270c3fd7afecdb556c50c9e8de78 -> 
  custom:audio-decoder-ogg-vorbis: bf7c407c2cedff20999df2af8eb42d56 -> 
  custom:audio-encoder-webm-vorbis: bf7c407c2cedff20999df2af8eb42d56 -> 
========================================================================
Received Import Request.
  path: Assets/Scenes/setting.unity
  artifactKey: Guid(208ff22750bcc4195893e9c6e485a71c) Importer(815301076,1909f56bfc062723c751e8b465ee728b)
Start importing Assets/Scenes/setting.unity using Guid(208ff22750bcc4195893e9c6e485a71c) Importer(815301076,1909f56bfc062723c751e8b465ee728b)  -> (artifact id: '09da1034e5bfb88bad8c2cb439767452') in 0.011196 seconds 
  Import took 0.013442 seconds .

========================================================================
Received Import Request.
  Time since last request: 0.000090 seconds.
  path: Assets/Scenes
  artifactKey: Guid(2489a0d0e46944610917fb9089ecf888) Importer(815301076,1909f56bfc062723c751e8b465ee728b)
Start importing Assets/Scenes using Guid(2489a0d0e46944610917fb9089ecf888) Importer(815301076,1909f56bfc062723c751e8b465ee728b)  -> (artifact id: '3a514048c5d0f09963b403e5685d10c6') in 0.003237 seconds 
  Import took 0.004958 seconds .

========================================================================
Received Import Request.
  Time since last request: 0.000083 seconds.
  path: Assets/Scenes/SampleScene.unity
  artifactKey: Guid(2cda990e2423bbf4892e6590ba056729) Importer(815301076,1909f56bfc062723c751e8b465ee728b)
Start importing Assets/Scenes/SampleScene.unity using Guid(2cda990e2423bbf4892e6590ba056729) Importer(815301076,1909f56bfc062723c751e8b465ee728b)  -> (artifact id: '8c83943ecbd893123d6f94c7b960cb0e') in 0.003540 seconds 
  Import took 0.005315 seconds .

========================================================================
Received Prepare
Registering precompiled user dll's ...
Registered in 0.002180 seconds.
Begin MonoManager ReloadAssembly
Native extension for WindowsStandalone target not found
Refreshing native plugins compatible for Editor in 0.43 ms, found 3 plugins.
Preloading 0 native plugins for Editor in 0.00 ms.
log4net:ERROR Error while loading XML configuration
System.Xml.XmlException: ' ' is an unexpected token. The expected token is ';'. Line 3, position 34.
  at System.Xml.XmlTextReaderImpl.Throw (System.Exception e) [0x00027] in <0f9699188f0c414ea6fb5557f5c16d15>:0 
  at System.Xml.XmlTextReaderImpl.Throw (System.String res, System.String[] args) [0x00029] in <0f9699188f0c414ea6fb5557f5c16d15>:0 
  at System.Xml.XmlTextReaderImpl.ThrowUnexpectedToken (System.String expectedToken1, System.String expectedToken2) [0x00036] in <0f9699188f0c414ea6fb5557f5c16d15>:0 
  at System.Xml.XmlTextReaderImpl.ThrowUnexpectedToken (System.Int32 pos, System.String expectedToken1, System.String expectedToken2) [0x0000c] in <0f9699188f0c414ea6fb5557f5c16d15>:0 
  at System.Xml.XmlTextReaderImpl.ThrowUnexpectedToken (System.Int32 pos, System.String expectedToken) [0x00000] in <0f9699188f0c414ea6fb5557f5c16d15>:0 
  at System.Xml.XmlTextReaderImpl.HandleEntityReference (System.Boolean isInAttributeValue, System.Xml.XmlTextReaderImpl+EntityExpandType expandType, System.Int32& charRefEndPos) [0x000e5] in <0f9699188f0c414ea6fb5557f5c16d15>:0 
  at System.Xml.XmlTextReaderImpl.ParseAttributeValueSlow (System.Int32 curPos, System.Char quoteChar, System.Xml.XmlTextReaderImpl+NodeData attr) [0x002a5] in <0f9699188f0c414ea6fb5557f5c16d15>:0 
  at System.Xml.XmlTextReaderImpl.ParseAttributes () [0x0039a] in <0f9699188f0c414ea6fb5557f5c16d15>:0 
  at System.Xml.XmlTextReaderImpl.ParseElement () [0x001df] in <0f9699188f0c414ea6fb5557f5c16d15>:0 
  at System.Xml.XmlTextReaderImpl.ParseElementContent () [0x0016f] in <0f9699188f0c414ea6fb5557f5c16d15>:0 
  at System.Xml.XmlTextReaderImpl.Read () [0x00085] in <0f9699188f0c414ea6fb5557f5c16d15>:0 
  at System.Xml.XmlLoader.LoadNode (System.Boolean skipOverWhitespace) [0x0025b] in <0f9699188f0c414ea6fb5557f5c16d15>:0 
  at System.Xml.XmlLoader.LoadDocSequence (System.Xml.XmlDocument parentDoc) [0x0001b] in <0f9699188f0c414ea6fb5557f5c16d15>:0 
  at System.Xml.XmlLoader.Load (System.Xml.XmlDocument doc, System.Xml.XmlReader reader, System.Boolean preserveWhitespace) [0x000b4] in <0f9699188f0c414ea6fb5557f5c16d15>:0 
  at System.Xml.XmlDocument.Load (System.Xml.XmlReader reader) [0x0002e] in <0f9699188f0c414ea6fb5557f5c16d15>:0 
  at log4net.Config.XmlConfigurator.InternalConfigure (log4net.Repository.ILoggerRepository repository, System.IO.Stream configStream) [0x00063] in <e1a77b5dfa0c4a1f8ba616c017f5e0b8>:0 
Mono: successfully reloaded assembly
- Completed reload, in  0.633 seconds
Domain Reload Profiling:
	ReloadAssembly (633ms)
		BeginReloadAssembly (77ms)
			ExecutionOrderSort (0ms)
			DisableScriptedObjects (5ms)
			BackupInstance (0ms)
			ReleaseScriptingObjects (0ms)
			CreateAndSetChildDomain (27ms)
		EndReloadAssembly (518ms)
			LoadAssemblies (52ms)
			RebuildTransferFunctionScriptingTraits (0ms)
			SetupTypeCache (168ms)
			ReleaseScriptCaches (1ms)
			RebuildScriptCaches (25ms)
			SetupLoadedEditorAssemblies (210ms)
				LogAssemblyErrors (0ms)
				InitializePlatformSupportModulesInManaged (3ms)
				SetLoadedEditorAssemblies (0ms)
				RefreshPlugins (0ms)
				BeforeProcessingInitializeOnLoad (36ms)
				ProcessInitializeOnLoadAttributes (164ms)
				ProcessInitializeOnLoadMethodAttributes (4ms)
				AfterProcessingInitializeOnLoad (3ms)
				EditorAssembliesLoaded (0ms)
			ExecutionOrderSort2 (0ms)
			AwakeInstancesAfterBackupRestoration (7ms)
Platform modules already initialized, skipping
Refreshing native plugins compatible for Editor in 0.66 ms, found 3 plugins.
Preloading 0 native plugins for Editor in 0.00 ms.
Unloading 2084 Unused Serialized files (Serialized files now loaded: 0)
System memory in use before: 92.6 MB.
System memory in use after: 92.7 MB.

Unloading 16 unused Assets to reduce memory usage. Loaded Objects now: 2534.
Total: 2.390000 ms (FindLiveObjects: 0.125600 ms CreateObjectMapping: 0.045400 ms MarkObjects: 2.205900 ms  DeleteObjects: 0.012300 ms)

AssetImportParameters requested are different than current active one (requested -> active):
  custom:framework-win-MediaFoundation: 216162199b28c13a410421893ffa2e32 -> 
  custom:video-decoder-ogg-theora: a1e56fd34408186e4bbccfd4996cb3dc -> 
  custom:container-muxer-webm: aa71ff27fc2769a1b78a27578f13a17b -> 
  custom:container-demuxer-webm: 4f35f7cbe854078d1ac9338744f61a02 -> 
  custom:container-demuxer-ogg: 62fdf1f143b41e24485cea50d1cbac27 -> 
  custom:video-encoder-webm-vp8: eb34c28f22e8b96e1ab97ce403110664 -> 
  custom:video-decoder-webm-vp8: 9c59270c3fd7afecdb556c50c9e8de78 -> 
  custom:audio-decoder-ogg-vorbis: bf7c407c2cedff20999df2af8eb42d56 -> 
  custom:audio-encoder-webm-vorbis: bf7c407c2cedff20999df2af8eb42d56 -> 
========================================================================
Received Prepare
Registering precompiled user dll's ...
Registered in 0.002177 seconds.
Begin MonoManager ReloadAssembly
Native extension for WindowsStandalone target not found
Refreshing native plugins compatible for Editor in 0.42 ms, found 3 plugins.
Preloading 0 native plugins for Editor in 0.00 ms.
log4net:ERROR Error while loading XML configuration
System.Xml.XmlException: ' ' is an unexpected token. The expected token is ';'. Line 3, position 34.
  at System.Xml.XmlTextReaderImpl.Throw (System.Exception e) [0x00027] in <0f9699188f0c414ea6fb5557f5c16d15>:0 
  at System.Xml.XmlTextReaderImpl.Throw (System.String res, System.String[] args) [0x00029] in <0f9699188f0c414ea6fb5557f5c16d15>:0 
  at System.Xml.XmlTextReaderImpl.ThrowUnexpectedToken (System.String expectedToken1, System.String expectedToken2) [0x00036] in <0f9699188f0c414ea6fb5557f5c16d15>:0 
  at System.Xml.XmlTextReaderImpl.ThrowUnexpectedToken (System.Int32 pos, System.String expectedToken1, System.String expectedToken2) [0x0000c] in <0f9699188f0c414ea6fb5557f5c16d15>:0 
  at System.Xml.XmlTextReaderImpl.ThrowUnexpectedToken (System.Int32 pos, System.String expectedToken) [0x00000] in <0f9699188f0c414ea6fb5557f5c16d15>:0 
  at System.Xml.XmlTextReaderImpl.HandleEntityReference (System.Boolean isInAttributeValue, System.Xml.XmlTextReaderImpl+EntityExpandType expandType, System.Int32& charRefEndPos) [0x000e5] in <0f9699188f0c414ea6fb5557f5c16d15>:0 
  at System.Xml.XmlTextReaderImpl.ParseAttributeValueSlow (System.Int32 curPos, System.Char quoteChar, System.Xml.XmlTextReaderImpl+NodeData attr) [0x002a5] in <0f9699188f0c414ea6fb5557f5c16d15>:0 
  at System.Xml.XmlTextReaderImpl.ParseAttributes () [0x0039a] in <0f9699188f0c414ea6fb5557f5c16d15>:0 
  at System.Xml.XmlTextReaderImpl.ParseElement () [0x001df] in <0f9699188f0c414ea6fb5557f5c16d15>:0 
  at System.Xml.XmlTextReaderImpl.ParseElementContent () [0x0016f] in <0f9699188f0c414ea6fb5557f5c16d15>:0 
  at System.Xml.XmlTextReaderImpl.Read () [0x00085] in <0f9699188f0c414ea6fb5557f5c16d15>:0 
  at System.Xml.XmlLoader.LoadNode (System.Boolean skipOverWhitespace) [0x0025b] in <0f9699188f0c414ea6fb5557f5c16d15>:0 
  at System.Xml.XmlLoader.LoadDocSequence (System.Xml.XmlDocument parentDoc) [0x0001b] in <0f9699188f0c414ea6fb5557f5c16d15>:0 
  at System.Xml.XmlLoader.Load (System.Xml.XmlDocument doc, System.Xml.XmlReader reader, System.Boolean preserveWhitespace) [0x000b4] in <0f9699188f0c414ea6fb5557f5c16d15>:0 
  at System.Xml.XmlDocument.Load (System.Xml.XmlReader reader) [0x0002e] in <0f9699188f0c414ea6fb5557f5c16d15>:0 
  at log4net.Config.XmlConfigurator.InternalConfigure (log4net.Repository.ILoggerRepository repository, System.IO.Stream configStream) [0x00063] in <e1a77b5dfa0c4a1f8ba616c017f5e0b8>:0 
Mono: successfully reloaded assembly
- Completed reload, in  0.625 seconds
Domain Reload Profiling:
	ReloadAssembly (625ms)
		BeginReloadAssembly (73ms)
			ExecutionOrderSort (0ms)
			DisableScriptedObjects (4ms)
			BackupInstance (0ms)
			ReleaseScriptingObjects (0ms)
			CreateAndSetChildDomain (25ms)
		EndReloadAssembly (515ms)
			LoadAssemblies (53ms)
			RebuildTransferFunctionScriptingTraits (0ms)
			SetupTypeCache (166ms)
			ReleaseScriptCaches (1ms)
			RebuildScriptCaches (25ms)
			SetupLoadedEditorAssemblies (210ms)
				LogAssemblyErrors (0ms)
				InitializePlatformSupportModulesInManaged (3ms)
				SetLoadedEditorAssemblies (0ms)
				RefreshPlugins (0ms)
				BeforeProcessingInitializeOnLoad (36ms)
				ProcessInitializeOnLoadAttributes (163ms)
				ProcessInitializeOnLoadMethodAttributes (4ms)
				AfterProcessingInitializeOnLoad (3ms)
				EditorAssembliesLoaded (0ms)
			ExecutionOrderSort2 (0ms)
			AwakeInstancesAfterBackupRestoration (7ms)
Platform modules already initialized, skipping
Refreshing native plugins compatible for Editor in 0.69 ms, found 3 plugins.
Preloading 0 native plugins for Editor in 0.00 ms.
Unloading 2084 Unused Serialized files (Serialized files now loaded: 0)
System memory in use before: 92.6 MB.
System memory in use after: 92.7 MB.

Unloading 16 unused Assets to reduce memory usage. Loaded Objects now: 2537.
Total: 2.395800 ms (FindLiveObjects: 0.177700 ms CreateObjectMapping: 0.040800 ms MarkObjects: 2.164800 ms  DeleteObjects: 0.011900 ms)

AssetImportParameters requested are different than current active one (requested -> active):
  custom:framework-win-MediaFoundation: 216162199b28c13a410421893ffa2e32 -> 
  custom:video-decoder-ogg-theora: a1e56fd34408186e4bbccfd4996cb3dc -> 
  custom:container-muxer-webm: aa71ff27fc2769a1b78a27578f13a17b -> 
  custom:container-demuxer-webm: 4f35f7cbe854078d1ac9338744f61a02 -> 
  custom:container-demuxer-ogg: 62fdf1f143b41e24485cea50d1cbac27 -> 
  custom:video-encoder-webm-vp8: eb34c28f22e8b96e1ab97ce403110664 -> 
  custom:video-decoder-webm-vp8: 9c59270c3fd7afecdb556c50c9e8de78 -> 
  custom:audio-decoder-ogg-vorbis: bf7c407c2cedff20999df2af8eb42d56 -> 
  custom:audio-encoder-webm-vorbis: bf7c407c2cedff20999df2af8eb42d56 -> 
========================================================================
Received Prepare
Registering precompiled user dll's ...
Registered in 0.002190 seconds.
Begin MonoManager ReloadAssembly
Native extension for WindowsStandalone target not found
Refreshing native plugins compatible for Editor in 0.44 ms, found 3 plugins.
Preloading 0 native plugins for Editor in 0.00 ms.
log4net:ERROR Error while loading XML configuration
System.Xml.XmlException: ' ' is an unexpected token. The expected token is ';'. Line 3, position 34.
  at System.Xml.XmlTextReaderImpl.Throw (System.Exception e) [0x00027] in <0f9699188f0c414ea6fb5557f5c16d15>:0 
  at System.Xml.XmlTextReaderImpl.Throw (System.String res, System.String[] args) [0x00029] in <0f9699188f0c414ea6fb5557f5c16d15>:0 
  at System.Xml.XmlTextReaderImpl.ThrowUnexpectedToken (System.String expectedToken1, System.String expectedToken2) [0x00036] in <0f9699188f0c414ea6fb5557f5c16d15>:0 
  at System.Xml.XmlTextReaderImpl.ThrowUnexpectedToken (System.Int32 pos, System.String expectedToken1, System.String expectedToken2) [0x0000c] in <0f9699188f0c414ea6fb5557f5c16d15>:0 
  at System.Xml.XmlTextReaderImpl.ThrowUnexpectedToken (System.Int32 pos, System.String expectedToken) [0x00000] in <0f9699188f0c414ea6fb5557f5c16d15>:0 
  at System.Xml.XmlTextReaderImpl.HandleEntityReference (System.Boolean isInAttributeValue, System.Xml.XmlTextReaderImpl+EntityExpandType expandType, System.Int32& charRefEndPos) [0x000e5] in <0f9699188f0c414ea6fb5557f5c16d15>:0 
  at System.Xml.XmlTextReaderImpl.ParseAttributeValueSlow (System.Int32 curPos, System.Char quoteChar, System.Xml.XmlTextReaderImpl+NodeData attr) [0x002a5] in <0f9699188f0c414ea6fb5557f5c16d15>:0 
  at System.Xml.XmlTextReaderImpl.ParseAttributes () [0x0039a] in <0f9699188f0c414ea6fb5557f5c16d15>:0 
  at System.Xml.XmlTextReaderImpl.ParseElement () [0x001df] in <0f9699188f0c414ea6fb5557f5c16d15>:0 
  at System.Xml.XmlTextReaderImpl.ParseElementContent () [0x0016f] in <0f9699188f0c414ea6fb5557f5c16d15>:0 
  at System.Xml.XmlTextReaderImpl.Read () [0x00085] in <0f9699188f0c414ea6fb5557f5c16d15>:0 
  at System.Xml.XmlLoader.LoadNode (System.Boolean skipOverWhitespace) [0x0025b] in <0f9699188f0c414ea6fb5557f5c16d15>:0 
  at System.Xml.XmlLoader.LoadDocSequence (System.Xml.XmlDocument parentDoc) [0x0001b] in <0f9699188f0c414ea6fb5557f5c16d15>:0 
  at System.Xml.XmlLoader.Load (System.Xml.XmlDocument doc, System.Xml.XmlReader reader, System.Boolean preserveWhitespace) [0x000b4] in <0f9699188f0c414ea6fb5557f5c16d15>:0 
  at System.Xml.XmlDocument.Load (System.Xml.XmlReader reader) [0x0002e] in <0f9699188f0c414ea6fb5557f5c16d15>:0 
  at log4net.Config.XmlConfigurator.InternalConfigure (log4net.Repository.ILoggerRepository repository, System.IO.Stream configStream) [0x00063] in <e1a77b5dfa0c4a1f8ba616c017f5e0b8>:0 
Mono: successfully reloaded assembly
- Completed reload, in  0.629 seconds
Domain Reload Profiling:
	ReloadAssembly (629ms)
		BeginReloadAssembly (72ms)
			ExecutionOrderSort (0ms)
			DisableScriptedObjects (4ms)
			BackupInstance (0ms)
			ReleaseScriptingObjects (0ms)
			CreateAndSetChildDomain (25ms)
		EndReloadAssembly (519ms)
			LoadAssemblies (53ms)
			RebuildTransferFunctionScriptingTraits (0ms)
			SetupTypeCache (167ms)
			ReleaseScriptCaches (1ms)
			RebuildScriptCaches (25ms)
			SetupLoadedEditorAssemblies (212ms)
				LogAssemblyErrors (0ms)
				InitializePlatformSupportModulesInManaged (3ms)
				SetLoadedEditorAssemblies (0ms)
				RefreshPlugins (0ms)
				BeforeProcessingInitializeOnLoad (36ms)
				ProcessInitializeOnLoadAttributes (165ms)
				ProcessInitializeOnLoadMethodAttributes (4ms)
				AfterProcessingInitializeOnLoad (3ms)
				EditorAssembliesLoaded (0ms)
			ExecutionOrderSort2 (0ms)
			AwakeInstancesAfterBackupRestoration (7ms)
Platform modules already initialized, skipping
Refreshing native plugins compatible for Editor in 0.74 ms, found 3 plugins.
Preloading 0 native plugins for Editor in 0.00 ms.
Unloading 2084 Unused Serialized files (Serialized files now loaded: 0)
System memory in use before: 92.6 MB.
System memory in use after: 92.8 MB.

Unloading 16 unused Assets to reduce memory usage. Loaded Objects now: 2540.
Total: 3.071800 ms (FindLiveObjects: 0.313700 ms CreateObjectMapping: 0.059900 ms MarkObjects: 2.683200 ms  DeleteObjects: 0.014100 ms)

AssetImportParameters requested are different than current active one (requested -> active):
  custom:framework-win-MediaFoundation: 216162199b28c13a410421893ffa2e32 -> 
  custom:video-decoder-ogg-theora: a1e56fd34408186e4bbccfd4996cb3dc -> 
  custom:container-muxer-webm: aa71ff27fc2769a1b78a27578f13a17b -> 
  custom:container-demuxer-webm: 4f35f7cbe854078d1ac9338744f61a02 -> 
  custom:container-demuxer-ogg: 62fdf1f143b41e24485cea50d1cbac27 -> 
  custom:video-encoder-webm-vp8: eb34c28f22e8b96e1ab97ce403110664 -> 
  custom:video-decoder-webm-vp8: 9c59270c3fd7afecdb556c50c9e8de78 -> 
  custom:audio-decoder-ogg-vorbis: bf7c407c2cedff20999df2af8eb42d56 -> 
  custom:audio-encoder-webm-vorbis: bf7c407c2cedff20999df2af8eb42d56 -> 
========================================================================
Received Prepare
Registering precompiled user dll's ...
Registered in 0.002159 seconds.
Begin MonoManager ReloadAssembly
Native extension for WindowsStandalone target not found
Refreshing native plugins compatible for Editor in 0.43 ms, found 3 plugins.
Preloading 0 native plugins for Editor in 0.00 ms.
log4net:ERROR Error while loading XML configuration
System.Xml.XmlException: ' ' is an unexpected token. The expected token is ';'. Line 3, position 34.
  at System.Xml.XmlTextReaderImpl.Throw (System.Exception e) [0x00027] in <0f9699188f0c414ea6fb5557f5c16d15>:0 
  at System.Xml.XmlTextReaderImpl.Throw (System.String res, System.String[] args) [0x00029] in <0f9699188f0c414ea6fb5557f5c16d15>:0 
  at System.Xml.XmlTextReaderImpl.ThrowUnexpectedToken (System.String expectedToken1, System.String expectedToken2) [0x00036] in <0f9699188f0c414ea6fb5557f5c16d15>:0 
  at System.Xml.XmlTextReaderImpl.ThrowUnexpectedToken (System.Int32 pos, System.String expectedToken1, System.String expectedToken2) [0x0000c] in <0f9699188f0c414ea6fb5557f5c16d15>:0 
  at System.Xml.XmlTextReaderImpl.ThrowUnexpectedToken (System.Int32 pos, System.String expectedToken) [0x00000] in <0f9699188f0c414ea6fb5557f5c16d15>:0 
  at System.Xml.XmlTextReaderImpl.HandleEntityReference (System.Boolean isInAttributeValue, System.Xml.XmlTextReaderImpl+EntityExpandType expandType, System.Int32& charRefEndPos) [0x000e5] in <0f9699188f0c414ea6fb5557f5c16d15>:0 
  at System.Xml.XmlTextReaderImpl.ParseAttributeValueSlow (System.Int32 curPos, System.Char quoteChar, System.Xml.XmlTextReaderImpl+NodeData attr) [0x002a5] in <0f9699188f0c414ea6fb5557f5c16d15>:0 
  at System.Xml.XmlTextReaderImpl.ParseAttributes () [0x0039a] in <0f9699188f0c414ea6fb5557f5c16d15>:0 
  at System.Xml.XmlTextReaderImpl.ParseElement () [0x001df] in <0f9699188f0c414ea6fb5557f5c16d15>:0 
  at System.Xml.XmlTextReaderImpl.ParseElementContent () [0x0016f] in <0f9699188f0c414ea6fb5557f5c16d15>:0 
  at System.Xml.XmlTextReaderImpl.Read () [0x00085] in <0f9699188f0c414ea6fb5557f5c16d15>:0 
  at System.Xml.XmlLoader.LoadNode (System.Boolean skipOverWhitespace) [0x0025b] in <0f9699188f0c414ea6fb5557f5c16d15>:0 
  at System.Xml.XmlLoader.LoadDocSequence (System.Xml.XmlDocument parentDoc) [0x0001b] in <0f9699188f0c414ea6fb5557f5c16d15>:0 
  at System.Xml.XmlLoader.Load (System.Xml.XmlDocument doc, System.Xml.XmlReader reader, System.Boolean preserveWhitespace) [0x000b4] in <0f9699188f0c414ea6fb5557f5c16d15>:0 
  at System.Xml.XmlDocument.Load (System.Xml.XmlReader reader) [0x0002e] in <0f9699188f0c414ea6fb5557f5c16d15>:0 
  at log4net.Config.XmlConfigurator.InternalConfigure (log4net.Repository.ILoggerRepository repository, System.IO.Stream configStream) [0x00063] in <e1a77b5dfa0c4a1f8ba616c017f5e0b8>:0 
Mono: successfully reloaded assembly
- Completed reload, in  0.627 seconds
Domain Reload Profiling:
	ReloadAssembly (628ms)
		BeginReloadAssembly (73ms)
			ExecutionOrderSort (0ms)
			DisableScriptedObjects (4ms)
			BackupInstance (0ms)
			ReleaseScriptingObjects (0ms)
			CreateAndSetChildDomain (26ms)
		EndReloadAssembly (516ms)
			LoadAssemblies (53ms)
			RebuildTransferFunctionScriptingTraits (0ms)
			SetupTypeCache (167ms)
			ReleaseScriptCaches (1ms)
			RebuildScriptCaches (25ms)
			SetupLoadedEditorAssemblies (210ms)
				LogAssemblyErrors (0ms)
				InitializePlatformSupportModulesInManaged (3ms)
				SetLoadedEditorAssemblies (0ms)
				RefreshPlugins (0ms)
				BeforeProcessingInitializeOnLoad (36ms)
				ProcessInitializeOnLoadAttributes (163ms)
				ProcessInitializeOnLoadMethodAttributes (4ms)
				AfterProcessingInitializeOnLoad (3ms)
				EditorAssembliesLoaded (0ms)
			ExecutionOrderSort2 (0ms)
			AwakeInstancesAfterBackupRestoration (7ms)
Platform modules already initialized, skipping
Refreshing native plugins compatible for Editor in 0.69 ms, found 3 plugins.
Preloading 0 native plugins for Editor in 0.00 ms.
Unloading 2084 Unused Serialized files (Serialized files now loaded: 0)
System memory in use before: 92.7 MB.
System memory in use after: 92.8 MB.

Unloading 16 unused Assets to reduce memory usage. Loaded Objects now: 2543.
Total: 2.373300 ms (FindLiveObjects: 0.144900 ms CreateObjectMapping: 0.045600 ms MarkObjects: 2.170000 ms  DeleteObjects: 0.012100 ms)

AssetImportParameters requested are different than current active one (requested -> active):
  custom:framework-win-MediaFoundation: 216162199b28c13a410421893ffa2e32 -> 
  custom:video-decoder-ogg-theora: a1e56fd34408186e4bbccfd4996cb3dc -> 
  custom:container-muxer-webm: aa71ff27fc2769a1b78a27578f13a17b -> 
  custom:container-demuxer-webm: 4f35f7cbe854078d1ac9338744f61a02 -> 
  custom:container-demuxer-ogg: 62fdf1f143b41e24485cea50d1cbac27 -> 
  custom:video-encoder-webm-vp8: eb34c28f22e8b96e1ab97ce403110664 -> 
  custom:video-decoder-webm-vp8: 9c59270c3fd7afecdb556c50c9e8de78 -> 
  custom:audio-decoder-ogg-vorbis: bf7c407c2cedff20999df2af8eb42d56 -> 
  custom:audio-encoder-webm-vorbis: bf7c407c2cedff20999df2af8eb42d56 -> 
========================================================================
Received Prepare
Registering precompiled user dll's ...
Registered in 0.002182 seconds.
Begin MonoManager ReloadAssembly
Native extension for WindowsStandalone target not found
Refreshing native plugins compatible for Editor in 0.43 ms, found 3 plugins.
Preloading 0 native plugins for Editor in 0.00 ms.
log4net:ERROR Error while loading XML configuration
System.Xml.XmlException: ' ' is an unexpected token. The expected token is ';'. Line 3, position 34.
  at System.Xml.XmlTextReaderImpl.Throw (System.Exception e) [0x00027] in <0f9699188f0c414ea6fb5557f5c16d15>:0 
  at System.Xml.XmlTextReaderImpl.Throw (System.String res, System.String[] args) [0x00029] in <0f9699188f0c414ea6fb5557f5c16d15>:0 
  at System.Xml.XmlTextReaderImpl.ThrowUnexpectedToken (System.String expectedToken1, System.String expectedToken2) [0x00036] in <0f9699188f0c414ea6fb5557f5c16d15>:0 
  at System.Xml.XmlTextReaderImpl.ThrowUnexpectedToken (System.Int32 pos, System.String expectedToken1, System.String expectedToken2) [0x0000c] in <0f9699188f0c414ea6fb5557f5c16d15>:0 
  at System.Xml.XmlTextReaderImpl.ThrowUnexpectedToken (System.Int32 pos, System.String expectedToken) [0x00000] in <0f9699188f0c414ea6fb5557f5c16d15>:0 
  at System.Xml.XmlTextReaderImpl.HandleEntityReference (System.Boolean isInAttributeValue, System.Xml.XmlTextReaderImpl+EntityExpandType expandType, System.Int32& charRefEndPos) [0x000e5] in <0f9699188f0c414ea6fb5557f5c16d15>:0 
  at System.Xml.XmlTextReaderImpl.ParseAttributeValueSlow (System.Int32 curPos, System.Char quoteChar, System.Xml.XmlTextReaderImpl+NodeData attr) [0x002a5] in <0f9699188f0c414ea6fb5557f5c16d15>:0 
  at System.Xml.XmlTextReaderImpl.ParseAttributes () [0x0039a] in <0f9699188f0c414ea6fb5557f5c16d15>:0 
  at System.Xml.XmlTextReaderImpl.ParseElement () [0x001df] in <0f9699188f0c414ea6fb5557f5c16d15>:0 
  at System.Xml.XmlTextReaderImpl.ParseElementContent () [0x0016f] in <0f9699188f0c414ea6fb5557f5c16d15>:0 
  at System.Xml.XmlTextReaderImpl.Read () [0x00085] in <0f9699188f0c414ea6fb5557f5c16d15>:0 
  at System.Xml.XmlLoader.LoadNode (System.Boolean skipOverWhitespace) [0x0025b] in <0f9699188f0c414ea6fb5557f5c16d15>:0 
  at System.Xml.XmlLoader.LoadDocSequence (System.Xml.XmlDocument parentDoc) [0x0001b] in <0f9699188f0c414ea6fb5557f5c16d15>:0 
  at System.Xml.XmlLoader.Load (System.Xml.XmlDocument doc, System.Xml.XmlReader reader, System.Boolean preserveWhitespace) [0x000b4] in <0f9699188f0c414ea6fb5557f5c16d15>:0 
  at System.Xml.XmlDocument.Load (System.Xml.XmlReader reader) [0x0002e] in <0f9699188f0c414ea6fb5557f5c16d15>:0 
  at log4net.Config.XmlConfigurator.InternalConfigure (log4net.Repository.ILoggerRepository repository, System.IO.Stream configStream) [0x00063] in <e1a77b5dfa0c4a1f8ba616c017f5e0b8>:0 
Mono: successfully reloaded assembly
- Completed reload, in  0.624 seconds
Domain Reload Profiling:
	ReloadAssembly (624ms)
		BeginReloadAssembly (73ms)
			ExecutionOrderSort (0ms)
			DisableScriptedObjects (4ms)
			BackupInstance (0ms)
			ReleaseScriptingObjects (0ms)
			CreateAndSetChildDomain (25ms)
		EndReloadAssembly (514ms)
			LoadAssemblies (53ms)
			RebuildTransferFunctionScriptingTraits (0ms)
			SetupTypeCache (165ms)
			ReleaseScriptCaches (1ms)
			RebuildScriptCaches (25ms)
			SetupLoadedEditorAssemblies (210ms)
				LogAssemblyErrors (0ms)
				InitializePlatformSupportModulesInManaged (3ms)
				SetLoadedEditorAssemblies (0ms)
				RefreshPlugins (0ms)
				BeforeProcessingInitializeOnLoad (37ms)
				ProcessInitializeOnLoadAttributes (162ms)
				ProcessInitializeOnLoadMethodAttributes (4ms)
				AfterProcessingInitializeOnLoad (3ms)
				EditorAssembliesLoaded (0ms)
			ExecutionOrderSort2 (0ms)
			AwakeInstancesAfterBackupRestoration (7ms)
Platform modules already initialized, skipping
Refreshing native plugins compatible for Editor in 0.71 ms, found 3 plugins.
Preloading 0 native plugins for Editor in 0.00 ms.
Unloading 2084 Unused Serialized files (Serialized files now loaded: 0)
System memory in use before: 92.7 MB.
System memory in use after: 92.8 MB.

Unloading 16 unused Assets to reduce memory usage. Loaded Objects now: 2546.
Total: 2.340700 ms (FindLiveObjects: 0.145600 ms CreateObjectMapping: 0.037900 ms MarkObjects: 2.144100 ms  DeleteObjects: 0.012400 ms)

AssetImportParameters requested are different than current active one (requested -> active):
  custom:framework-win-MediaFoundation: 216162199b28c13a410421893ffa2e32 -> 
  custom:video-decoder-ogg-theora: a1e56fd34408186e4bbccfd4996cb3dc -> 
  custom:container-muxer-webm: aa71ff27fc2769a1b78a27578f13a17b -> 
  custom:container-demuxer-webm: 4f35f7cbe854078d1ac9338744f61a02 -> 
  custom:container-demuxer-ogg: 62fdf1f143b41e24485cea50d1cbac27 -> 
  custom:video-encoder-webm-vp8: eb34c28f22e8b96e1ab97ce403110664 -> 
  custom:video-decoder-webm-vp8: 9c59270c3fd7afecdb556c50c9e8de78 -> 
  custom:audio-decoder-ogg-vorbis: bf7c407c2cedff20999df2af8eb42d56 -> 
  custom:audio-encoder-webm-vorbis: bf7c407c2cedff20999df2af8eb42d56 -> 
========================================================================
Received Prepare
Registering precompiled user dll's ...
Registered in 0.002194 seconds.
Begin MonoManager ReloadAssembly
Native extension for WindowsStandalone target not found
Refreshing native plugins compatible for Editor in 0.44 ms, found 3 plugins.
Preloading 0 native plugins for Editor in 0.00 ms.
log4net:ERROR Error while loading XML configuration
System.Xml.XmlException: ' ' is an unexpected token. The expected token is ';'. Line 3, position 34.
  at System.Xml.XmlTextReaderImpl.Throw (System.Exception e) [0x00027] in <0f9699188f0c414ea6fb5557f5c16d15>:0 
  at System.Xml.XmlTextReaderImpl.Throw (System.String res, System.String[] args) [0x00029] in <0f9699188f0c414ea6fb5557f5c16d15>:0 
  at System.Xml.XmlTextReaderImpl.ThrowUnexpectedToken (System.String expectedToken1, System.String expectedToken2) [0x00036] in <0f9699188f0c414ea6fb5557f5c16d15>:0 
  at System.Xml.XmlTextReaderImpl.ThrowUnexpectedToken (System.Int32 pos, System.String expectedToken1, System.String expectedToken2) [0x0000c] in <0f9699188f0c414ea6fb5557f5c16d15>:0 
  at System.Xml.XmlTextReaderImpl.ThrowUnexpectedToken (System.Int32 pos, System.String expectedToken) [0x00000] in <0f9699188f0c414ea6fb5557f5c16d15>:0 
  at System.Xml.XmlTextReaderImpl.HandleEntityReference (System.Boolean isInAttributeValue, System.Xml.XmlTextReaderImpl+EntityExpandType expandType, System.Int32& charRefEndPos) [0x000e5] in <0f9699188f0c414ea6fb5557f5c16d15>:0 
  at System.Xml.XmlTextReaderImpl.ParseAttributeValueSlow (System.Int32 curPos, System.Char quoteChar, System.Xml.XmlTextReaderImpl+NodeData attr) [0x002a5] in <0f9699188f0c414ea6fb5557f5c16d15>:0 
  at System.Xml.XmlTextReaderImpl.ParseAttributes () [0x0039a] in <0f9699188f0c414ea6fb5557f5c16d15>:0 
  at System.Xml.XmlTextReaderImpl.ParseElement () [0x001df] in <0f9699188f0c414ea6fb5557f5c16d15>:0 
  at System.Xml.XmlTextReaderImpl.ParseElementContent () [0x0016f] in <0f9699188f0c414ea6fb5557f5c16d15>:0 
  at System.Xml.XmlTextReaderImpl.Read () [0x00085] in <0f9699188f0c414ea6fb5557f5c16d15>:0 
  at System.Xml.XmlLoader.LoadNode (System.Boolean skipOverWhitespace) [0x0025b] in <0f9699188f0c414ea6fb5557f5c16d15>:0 
  at System.Xml.XmlLoader.LoadDocSequence (System.Xml.XmlDocument parentDoc) [0x0001b] in <0f9699188f0c414ea6fb5557f5c16d15>:0 
  at System.Xml.XmlLoader.Load (System.Xml.XmlDocument doc, System.Xml.XmlReader reader, System.Boolean preserveWhitespace) [0x000b4] in <0f9699188f0c414ea6fb5557f5c16d15>:0 
  at System.Xml.XmlDocument.Load (System.Xml.XmlReader reader) [0x0002e] in <0f9699188f0c414ea6fb5557f5c16d15>:0 
  at log4net.Config.XmlConfigurator.InternalConfigure (log4net.Repository.ILoggerRepository repository, System.IO.Stream configStream) [0x00063] in <e1a77b5dfa0c4a1f8ba616c017f5e0b8>:0 
Mono: successfully reloaded assembly
- Completed reload, in  0.623 seconds
Domain Reload Profiling:
	ReloadAssembly (623ms)
		BeginReloadAssembly (71ms)
			ExecutionOrderSort (0ms)
			DisableScriptedObjects (4ms)
			BackupInstance (0ms)
			ReleaseScriptingObjects (0ms)
			CreateAndSetChildDomain (24ms)
		EndReloadAssembly (514ms)
			LoadAssemblies (53ms)
			RebuildTransferFunctionScriptingTraits (0ms)
			SetupTypeCache (165ms)
			ReleaseScriptCaches (1ms)
			RebuildScriptCaches (25ms)
			SetupLoadedEditorAssemblies (210ms)
				LogAssemblyErrors (0ms)
				InitializePlatformSupportModulesInManaged (3ms)
				SetLoadedEditorAssemblies (0ms)
				RefreshPlugins (0ms)
				BeforeProcessingInitializeOnLoad (36ms)
				ProcessInitializeOnLoadAttributes (163ms)
				ProcessInitializeOnLoadMethodAttributes (4ms)
				AfterProcessingInitializeOnLoad (3ms)
				EditorAssembliesLoaded (0ms)
			ExecutionOrderSort2 (0ms)
			AwakeInstancesAfterBackupRestoration (7ms)
Platform modules already initialized, skipping
Refreshing native plugins compatible for Editor in 0.69 ms, found 3 plugins.
Preloading 0 native plugins for Editor in 0.00 ms.
Unloading 2084 Unused Serialized files (Serialized files now loaded: 0)
System memory in use before: 92.7 MB.
System memory in use after: 92.8 MB.

Unloading 16 unused Assets to reduce memory usage. Loaded Objects now: 2549.
Total: 2.374000 ms (FindLiveObjects: 0.149000 ms CreateObjectMapping: 0.038600 ms MarkObjects: 2.173100 ms  DeleteObjects: 0.012700 ms)

AssetImportParameters requested are different than current active one (requested -> active):
  custom:framework-win-MediaFoundation: 216162199b28c13a410421893ffa2e32 -> 
  custom:video-decoder-ogg-theora: a1e56fd34408186e4bbccfd4996cb3dc -> 
  custom:container-muxer-webm: aa71ff27fc2769a1b78a27578f13a17b -> 
  custom:container-demuxer-webm: 4f35f7cbe854078d1ac9338744f61a02 -> 
  custom:container-demuxer-ogg: 62fdf1f143b41e24485cea50d1cbac27 -> 
  custom:video-encoder-webm-vp8: eb34c28f22e8b96e1ab97ce403110664 -> 
  custom:video-decoder-webm-vp8: 9c59270c3fd7afecdb556c50c9e8de78 -> 
  custom:audio-decoder-ogg-vorbis: bf7c407c2cedff20999df2af8eb42d56 -> 
  custom:audio-encoder-webm-vorbis: bf7c407c2cedff20999df2af8eb42d56 -> 
========================================================================
Received Import Request.
  Time since last request: 942.037946 seconds.
  path: Assets/scripts
  artifactKey: Guid(1c8a4306a1030488fbc6b6d800d37789) Importer(815301076,1909f56bfc062723c751e8b465ee728b)
Start importing Assets/scripts using Guid(1c8a4306a1030488fbc6b6d800d37789) Importer(815301076,1909f56bfc062723c751e8b465ee728b)  -> (artifact id: '183ac489561ff7326ee233b41a22e289') in 0.006934 seconds 
  Import took 0.009468 seconds .

========================================================================
Received Import Request.
  Time since last request: 0.854935 seconds.
  path: Assets/scripts/dragging.cs
  artifactKey: Guid(937c8c78cc52445cbbe905771c9d8431) Importer(815301076,1909f56bfc062723c751e8b465ee728b)
Start importing Assets/scripts/dragging.cs using Guid(937c8c78cc52445cbbe905771c9d8431) Importer(815301076,1909f56bfc062723c751e8b465ee728b)  -> (artifact id: '8a42f112d9c1a464b3af0dc82eeb9858') in 0.011948 seconds 
  Import took 0.014358 seconds .

========================================================================
Received Import Request.
  Time since last request: 0.006951 seconds.
  path: Assets/scripts/dragging.cs
  artifactKey: Guid(937c8c78cc52445cbbe905771c9d8431) Importer(815301076,1909f56bfc062723c751e8b465ee728b)
Start importing Assets/scripts/dragging.cs using Guid(937c8c78cc52445cbbe905771c9d8431) Importer(815301076,1909f56bfc062723c751e8b465ee728b)  -> (artifact id: '8a42f112d9c1a464b3af0dc82eeb9858') in 0.001551 seconds 
  Import took 0.003335 seconds .

========================================================================
Received Prepare
Registering precompiled user dll's ...
Registered in 0.002103 seconds.
Begin MonoManager ReloadAssembly
Native extension for WindowsStandalone target not found
Refreshing native plugins compatible for Editor in 0.44 ms, found 3 plugins.
Preloading 0 native plugins for Editor in 0.00 ms.
log4net:ERROR Error while loading XML configuration
System.Xml.XmlException: ' ' is an unexpected token. The expected token is ';'. Line 3, position 34.
  at System.Xml.XmlTextReaderImpl.Throw (System.Exception e) [0x00027] in <0f9699188f0c414ea6fb5557f5c16d15>:0 
  at System.Xml.XmlTextReaderImpl.Throw (System.String res, System.String[] args) [0x00029] in <0f9699188f0c414ea6fb5557f5c16d15>:0 
  at System.Xml.XmlTextReaderImpl.ThrowUnexpectedToken (System.String expectedToken1, System.String expectedToken2) [0x00036] in <0f9699188f0c414ea6fb5557f5c16d15>:0 
  at System.Xml.XmlTextReaderImpl.ThrowUnexpectedToken (System.Int32 pos, System.String expectedToken1, System.String expectedToken2) [0x0000c] in <0f9699188f0c414ea6fb5557f5c16d15>:0 
  at System.Xml.XmlTextReaderImpl.ThrowUnexpectedToken (System.Int32 pos, System.String expectedToken) [0x00000] in <0f9699188f0c414ea6fb5557f5c16d15>:0 
  at System.Xml.XmlTextReaderImpl.HandleEntityReference (System.Boolean isInAttributeValue, System.Xml.XmlTextReaderImpl+EntityExpandType expandType, System.Int32& charRefEndPos) [0x000e5] in <0f9699188f0c414ea6fb5557f5c16d15>:0 
  at System.Xml.XmlTextReaderImpl.ParseAttributeValueSlow (System.Int32 curPos, System.Char quoteChar, System.Xml.XmlTextReaderImpl+NodeData attr) [0x002a5] in <0f9699188f0c414ea6fb5557f5c16d15>:0 
  at System.Xml.XmlTextReaderImpl.ParseAttributes () [0x0039a] in <0f9699188f0c414ea6fb5557f5c16d15>:0 
  at System.Xml.XmlTextReaderImpl.ParseElement () [0x001df] in <0f9699188f0c414ea6fb5557f5c16d15>:0 
  at System.Xml.XmlTextReaderImpl.ParseElementContent () [0x0016f] in <0f9699188f0c414ea6fb5557f5c16d15>:0 
  at System.Xml.XmlTextReaderImpl.Read () [0x00085] in <0f9699188f0c414ea6fb5557f5c16d15>:0 
  at System.Xml.XmlLoader.LoadNode (System.Boolean skipOverWhitespace) [0x0025b] in <0f9699188f0c414ea6fb5557f5c16d15>:0 
  at System.Xml.XmlLoader.LoadDocSequence (System.Xml.XmlDocument parentDoc) [0x0001b] in <0f9699188f0c414ea6fb5557f5c16d15>:0 
  at System.Xml.XmlLoader.Load (System.Xml.XmlDocument doc, System.Xml.XmlReader reader, System.Boolean preserveWhitespace) [0x000b4] in <0f9699188f0c414ea6fb5557f5c16d15>:0 
  at System.Xml.XmlDocument.Load (System.Xml.XmlReader reader) [0x0002e] in <0f9699188f0c414ea6fb5557f5c16d15>:0 
  at log4net.Config.XmlConfigurator.InternalConfigure (log4net.Repository.ILoggerRepository repository, System.IO.Stream configStream) [0x00063] in <e1a77b5dfa0c4a1f8ba616c017f5e0b8>:0 
Mono: successfully reloaded assembly
- Completed reload, in  0.637 seconds
Domain Reload Profiling:
	ReloadAssembly (637ms)
		BeginReloadAssembly (70ms)
			ExecutionOrderSort (0ms)
			DisableScriptedObjects (4ms)
			BackupInstance (0ms)
			ReleaseScriptingObjects (0ms)
			CreateAndSetChildDomain (24ms)
		EndReloadAssembly (530ms)
			LoadAssemblies (53ms)
			RebuildTransferFunctionScriptingTraits (0ms)
			SetupTypeCache (167ms)
			ReleaseScriptCaches (1ms)
			RebuildScriptCaches (25ms)
			SetupLoadedEditorAssemblies (222ms)
				LogAssemblyErrors (0ms)
				InitializePlatformSupportModulesInManaged (3ms)
				SetLoadedEditorAssemblies (0ms)
				RefreshPlugins (0ms)
				BeforeProcessingInitializeOnLoad (36ms)
				ProcessInitializeOnLoadAttributes (175ms)
				ProcessInitializeOnLoadMethodAttributes (4ms)
				AfterProcessingInitializeOnLoad (3ms)
				EditorAssembliesLoaded (0ms)
			ExecutionOrderSort2 (0ms)
			AwakeInstancesAfterBackupRestoration (7ms)
Platform modules already initialized, skipping
Refreshing native plugins compatible for Editor in 1.36 ms, found 3 plugins.
Preloading 0 native plugins for Editor in 0.00 ms.
Unloading 2084 Unused Serialized files (Serialized files now loaded: 0)
System memory in use before: 92.7 MB.
System memory in use after: 92.8 MB.

Unloading 16 unused Assets to reduce memory usage. Loaded Objects now: 2552.
Total: 2.801900 ms (FindLiveObjects: 0.180200 ms CreateObjectMapping: 0.044300 ms MarkObjects: 2.562000 ms  DeleteObjects: 0.014400 ms)

AssetImportParameters requested are different than current active one (requested -> active):
  custom:framework-win-MediaFoundation: 216162199b28c13a410421893ffa2e32 -> 
  custom:video-decoder-ogg-theora: a1e56fd34408186e4bbccfd4996cb3dc -> 
  custom:container-muxer-webm: aa71ff27fc2769a1b78a27578f13a17b -> 
  custom:container-demuxer-webm: 4f35f7cbe854078d1ac9338744f61a02 -> 
  custom:container-demuxer-ogg: 62fdf1f143b41e24485cea50d1cbac27 -> 
  custom:video-encoder-webm-vp8: eb34c28f22e8b96e1ab97ce403110664 -> 
  custom:video-decoder-webm-vp8: 9c59270c3fd7afecdb556c50c9e8de78 -> 
  custom:audio-decoder-ogg-vorbis: bf7c407c2cedff20999df2af8eb42d56 -> 
  custom:audio-encoder-webm-vorbis: bf7c407c2cedff20999df2af8eb42d56 -> 
========================================================================
Received Prepare
Registering precompiled user dll's ...
Registered in 0.002157 seconds.
Begin MonoManager ReloadAssembly
Native extension for WindowsStandalone target not found
Refreshing native plugins compatible for Editor in 0.43 ms, found 3 plugins.
Preloading 0 native plugins for Editor in 0.00 ms.
log4net:ERROR Error while loading XML configuration
System.Xml.XmlException: ' ' is an unexpected token. The expected token is ';'. Line 3, position 34.
  at System.Xml.XmlTextReaderImpl.Throw (System.Exception e) [0x00027] in <0f9699188f0c414ea6fb5557f5c16d15>:0 
  at System.Xml.XmlTextReaderImpl.Throw (System.String res, System.String[] args) [0x00029] in <0f9699188f0c414ea6fb5557f5c16d15>:0 
  at System.Xml.XmlTextReaderImpl.ThrowUnexpectedToken (System.String expectedToken1, System.String expectedToken2) [0x00036] in <0f9699188f0c414ea6fb5557f5c16d15>:0 
  at System.Xml.XmlTextReaderImpl.ThrowUnexpectedToken (System.Int32 pos, System.String expectedToken1, System.String expectedToken2) [0x0000c] in <0f9699188f0c414ea6fb5557f5c16d15>:0 
  at System.Xml.XmlTextReaderImpl.ThrowUnexpectedToken (System.Int32 pos, System.String expectedToken) [0x00000] in <0f9699188f0c414ea6fb5557f5c16d15>:0 
  at System.Xml.XmlTextReaderImpl.HandleEntityReference (System.Boolean isInAttributeValue, System.Xml.XmlTextReaderImpl+EntityExpandType expandType, System.Int32& charRefEndPos) [0x000e5] in <0f9699188f0c414ea6fb5557f5c16d15>:0 
  at System.Xml.XmlTextReaderImpl.ParseAttributeValueSlow (System.Int32 curPos, System.Char quoteChar, System.Xml.XmlTextReaderImpl+NodeData attr) [0x002a5] in <0f9699188f0c414ea6fb5557f5c16d15>:0 
  at System.Xml.XmlTextReaderImpl.ParseAttributes () [0x0039a] in <0f9699188f0c414ea6fb5557f5c16d15>:0 
  at System.Xml.XmlTextReaderImpl.ParseElement () [0x001df] in <0f9699188f0c414ea6fb5557f5c16d15>:0 
  at System.Xml.XmlTextReaderImpl.ParseElementContent () [0x0016f] in <0f9699188f0c414ea6fb5557f5c16d15>:0 
  at System.Xml.XmlTextReaderImpl.Read () [0x00085] in <0f9699188f0c414ea6fb5557f5c16d15>:0 
  at System.Xml.XmlLoader.LoadNode (System.Boolean skipOverWhitespace) [0x0025b] in <0f9699188f0c414ea6fb5557f5c16d15>:0 
  at System.Xml.XmlLoader.LoadDocSequence (System.Xml.XmlDocument parentDoc) [0x0001b] in <0f9699188f0c414ea6fb5557f5c16d15>:0 
  at System.Xml.XmlLoader.Load (System.Xml.XmlDocument doc, System.Xml.XmlReader reader, System.Boolean preserveWhitespace) [0x000b4] in <0f9699188f0c414ea6fb5557f5c16d15>:0 
  at System.Xml.XmlDocument.Load (System.Xml.XmlReader reader) [0x0002e] in <0f9699188f0c414ea6fb5557f5c16d15>:0 
  at log4net.Config.XmlConfigurator.InternalConfigure (log4net.Repository.ILoggerRepository repository, System.IO.Stream configStream) [0x00063] in <e1a77b5dfa0c4a1f8ba616c017f5e0b8>:0 
Mono: successfully reloaded assembly
- Completed reload, in  0.612 seconds
Domain Reload Profiling:
	ReloadAssembly (613ms)
		BeginReloadAssembly (70ms)
			ExecutionOrderSort (0ms)
			DisableScriptedObjects (4ms)
			BackupInstance (0ms)
			ReleaseScriptingObjects (0ms)
			CreateAndSetChildDomain (24ms)
		EndReloadAssembly (505ms)
			LoadAssemblies (52ms)
			RebuildTransferFunctionScriptingTraits (0ms)
			SetupTypeCache (162ms)
			ReleaseScriptCaches (1ms)
			RebuildScriptCaches (24ms)
			SetupLoadedEditorAssemblies (205ms)
				LogAssemblyErrors (0ms)
				InitializePlatformSupportModulesInManaged (3ms)
				SetLoadedEditorAssemblies (0ms)
				RefreshPlugins (0ms)
				BeforeProcessingInitializeOnLoad (35ms)
				ProcessInitializeOnLoadAttributes (160ms)
				ProcessInitializeOnLoadMethodAttributes (4ms)
				AfterProcessingInitializeOnLoad (3ms)
				EditorAssembliesLoaded (0ms)
			ExecutionOrderSort2 (0ms)
			AwakeInstancesAfterBackupRestoration (7ms)
Platform modules already initialized, skipping
Refreshing native plugins compatible for Editor in 0.59 ms, found 3 plugins.
Preloading 0 native plugins for Editor in 0.00 ms.
Unloading 2084 Unused Serialized files (Serialized files now loaded: 0)
System memory in use before: 92.7 MB.
System memory in use after: 92.8 MB.

Unloading 16 unused Assets to reduce memory usage. Loaded Objects now: 2555.
Total: 2.395000 ms (FindLiveObjects: 0.140200 ms CreateObjectMapping: 0.045200 ms MarkObjects: 2.196400 ms  DeleteObjects: 0.012400 ms)

AssetImportParameters requested are different than current active one (requested -> active):
  custom:framework-win-MediaFoundation: 216162199b28c13a410421893ffa2e32 -> 
  custom:video-decoder-ogg-theora: a1e56fd34408186e4bbccfd4996cb3dc -> 
  custom:container-muxer-webm: aa71ff27fc2769a1b78a27578f13a17b -> 
  custom:container-demuxer-webm: 4f35f7cbe854078d1ac9338744f61a02 -> 
  custom:container-demuxer-ogg: 62fdf1f143b41e24485cea50d1cbac27 -> 
  custom:video-encoder-webm-vp8: eb34c28f22e8b96e1ab97ce403110664 -> 
  custom:video-decoder-webm-vp8: 9c59270c3fd7afecdb556c50c9e8de78 -> 
  custom:audio-decoder-ogg-vorbis: bf7c407c2cedff20999df2af8eb42d56 -> 
  custom:audio-encoder-webm-vorbis: bf7c407c2cedff20999df2af8eb42d56 -> 
========================================================================
Received Import Request.
  Time since last request: 431.604367 seconds.
  path: Assets/prefabs
  artifactKey: Guid(15822e9e927de409880427585d347341) Importer(815301076,1909f56bfc062723c751e8b465ee728b)
Start importing Assets/prefabs using Guid(15822e9e927de409880427585d347341) Importer(815301076,1909f56bfc062723c751e8b465ee728b)  -> (artifact id: '3b6de816c84c7d86e42f46ae2a0fb03b') in 0.006969 seconds 
  Import took 0.009498 seconds .

========================================================================
Received Import Request.
  Time since last request: 0.037439 seconds.
  path: Assets/prefabs/RigidbodyObject.prefab
  artifactKey: Guid(e6c048f3d08b3488caea682bedf70cf7) Importer(815301076,1909f56bfc062723c751e8b465ee728b)
Start importing Assets/prefabs/RigidbodyObject.prefab using Guid(e6c048f3d08b3488caea682bedf70cf7) Importer(815301076,1909f56bfc062723c751e8b465ee728b)  -> (artifact id: '2f099f10b0b50243738378295d5012a7') in 0.054024 seconds 
  Import took 0.056634 seconds .

========================================================================
Received Import Request.
  Time since last request: 446.236737 seconds.
  path: Assets/images
  artifactKey: Guid(c13d0cf99943c42fbb00655ff8eb74bf) Importer(815301076,1909f56bfc062723c751e8b465ee728b)
Start importing Assets/images using Guid(c13d0cf99943c42fbb00655ff8eb74bf) Importer(815301076,1909f56bfc062723c751e8b465ee728b)  -> (artifact id: 'f974bcc28c25a1f51fc5de2af7be8f59') in 0.004105 seconds 
  Import took 0.006816 seconds .

========================================================================
Received Import Request.
  Time since last request: 0.042983 seconds.
  path: Assets/images/addbtn.png
  artifactKey: Guid(e0f8d07a074e340fba91c80e9b75ce16) Importer(815301076,1909f56bfc062723c751e8b465ee728b)
Start importing Assets/images/addbtn.png using Guid(e0f8d07a074e340fba91c80e9b75ce16) Importer(815301076,1909f56bfc062723c751e8b465ee728b)  -> (artifact id: '63cb6df926c5389f9bb8ef5e577bbb6d') in 0.055602 seconds 
  Import took 0.058241 seconds .

========================================================================
Received Import Request.
  Time since last request: 0.000131 seconds.
  path: Assets/images/arrow_blue.png
  artifactKey: Guid(b9e2e54f47cf0b54d8e935d98a13b36f) Importer(815301076,1909f56bfc062723c751e8b465ee728b)
Start importing Assets/images/arrow_blue.png using Guid(b9e2e54f47cf0b54d8e935d98a13b36f) Importer(815301076,1909f56bfc062723c751e8b465ee728b)  -> (artifact id: '8b1b03c833a80944113242e240804251') in 0.024184 seconds 
  Import took 0.026554 seconds .

========================================================================
Received Import Request.
  Time since last request: 0.000128 seconds.
  path: Assets/images/arrow_green.png
  artifactKey: Guid(58f5daaac152d2143a8e2baee37f0f1b) Importer(815301076,1909f56bfc062723c751e8b465ee728b)
Start importing Assets/images/arrow_green.png using Guid(58f5daaac152d2143a8e2baee37f0f1b) Importer(815301076,1909f56bfc062723c751e8b465ee728b)  -> (artifact id: 'bc479c12458803d55a33b90cd825768a') in 0.020349 seconds 
  Import took 0.022655 seconds .

========================================================================
Received Import Request.
  Time since last request: 0.000118 seconds.
  path: Assets/images/arrow_red.png
  artifactKey: Guid(88a10069d4501f54e919fdcb5b29a733) Importer(815301076,1909f56bfc062723c751e8b465ee728b)
Start importing Assets/images/arrow_red.png using Guid(88a10069d4501f54e919fdcb5b29a733) Importer(815301076,1909f56bfc062723c751e8b465ee728b)  -> (artifact id: 'ded5eb22623885db123581559757bee3') in 0.015886 seconds 
  Import took 0.018220 seconds .

========================================================================
Received Prepare
Registering precompiled user dll's ...
Registered in 0.002230 seconds.
Begin MonoManager ReloadAssembly
Native extension for WindowsStandalone target not found
Refreshing native plugins compatible for Editor in 0.45 ms, found 3 plugins.
Preloading 0 native plugins for Editor in 0.00 ms.
log4net:ERROR Error while loading XML configuration
System.Xml.XmlException: ' ' is an unexpected token. The expected token is ';'. Line 3, position 34.
  at System.Xml.XmlTextReaderImpl.Throw (System.Exception e) [0x00027] in <0f9699188f0c414ea6fb5557f5c16d15>:0 
  at System.Xml.XmlTextReaderImpl.Throw (System.String res, System.String[] args) [0x00029] in <0f9699188f0c414ea6fb5557f5c16d15>:0 
  at System.Xml.XmlTextReaderImpl.ThrowUnexpectedToken (System.String expectedToken1, System.String expectedToken2) [0x00036] in <0f9699188f0c414ea6fb5557f5c16d15>:0 
  at System.Xml.XmlTextReaderImpl.ThrowUnexpectedToken (System.Int32 pos, System.String expectedToken1, System.String expectedToken2) [0x0000c] in <0f9699188f0c414ea6fb5557f5c16d15>:0 
  at System.Xml.XmlTextReaderImpl.ThrowUnexpectedToken (System.Int32 pos, System.String expectedToken) [0x00000] in <0f9699188f0c414ea6fb5557f5c16d15>:0 
  at System.Xml.XmlTextReaderImpl.HandleEntityReference (System.Boolean isInAttributeValue, System.Xml.XmlTextReaderImpl+EntityExpandType expandType, System.Int32& charRefEndPos) [0x000e5] in <0f9699188f0c414ea6fb5557f5c16d15>:0 
  at System.Xml.XmlTextReaderImpl.ParseAttributeValueSlow (System.Int32 curPos, System.Char quoteChar, System.Xml.XmlTextReaderImpl+NodeData attr) [0x002a5] in <0f9699188f0c414ea6fb5557f5c16d15>:0 
  at System.Xml.XmlTextReaderImpl.ParseAttributes () [0x0039a] in <0f9699188f0c414ea6fb5557f5c16d15>:0 
  at System.Xml.XmlTextReaderImpl.ParseElement () [0x001df] in <0f9699188f0c414ea6fb5557f5c16d15>:0 
  at System.Xml.XmlTextReaderImpl.ParseElementContent () [0x0016f] in <0f9699188f0c414ea6fb5557f5c16d15>:0 
  at System.Xml.XmlTextReaderImpl.Read () [0x00085] in <0f9699188f0c414ea6fb5557f5c16d15>:0 
  at System.Xml.XmlLoader.LoadNode (System.Boolean skipOverWhitespace) [0x0025b] in <0f9699188f0c414ea6fb5557f5c16d15>:0 
  at System.Xml.XmlLoader.LoadDocSequence (System.Xml.XmlDocument parentDoc) [0x0001b] in <0f9699188f0c414ea6fb5557f5c16d15>:0 
  at System.Xml.XmlLoader.Load (System.Xml.XmlDocument doc, System.Xml.XmlReader reader, System.Boolean preserveWhitespace) [0x000b4] in <0f9699188f0c414ea6fb5557f5c16d15>:0 
  at System.Xml.XmlDocument.Load (System.Xml.XmlReader reader) [0x0002e] in <0f9699188f0c414ea6fb5557f5c16d15>:0 
  at log4net.Config.XmlConfigurator.InternalConfigure (log4net.Repository.ILoggerRepository repository, System.IO.Stream configStream) [0x00063] in <e1a77b5dfa0c4a1f8ba616c017f5e0b8>:0 
Mono: successfully reloaded assembly
- Completed reload, in  0.638 seconds
Domain Reload Profiling:
	ReloadAssembly (638ms)
		BeginReloadAssembly (75ms)
			ExecutionOrderSort (0ms)
			DisableScriptedObjects (4ms)
			BackupInstance (0ms)
			ReleaseScriptingObjects (0ms)
			CreateAndSetChildDomain (26ms)
		EndReloadAssembly (525ms)
			LoadAssemblies (54ms)
			RebuildTransferFunctionScriptingTraits (0ms)
			SetupTypeCache (167ms)
			ReleaseScriptCaches (1ms)
			RebuildScriptCaches (25ms)
			SetupLoadedEditorAssemblies (216ms)
				LogAssemblyErrors (0ms)
				InitializePlatformSupportModulesInManaged (3ms)
				SetLoadedEditorAssemblies (0ms)
				RefreshPlugins (0ms)
				BeforeProcessingInitializeOnLoad (39ms)
				ProcessInitializeOnLoadAttributes (165ms)
				ProcessInitializeOnLoadMethodAttributes (4ms)
				AfterProcessingInitializeOnLoad (3ms)
				EditorAssembliesLoaded (0ms)
			ExecutionOrderSort2 (0ms)
			AwakeInstancesAfterBackupRestoration (7ms)
Platform modules already initialized, skipping
Refreshing native plugins compatible for Editor in 0.73 ms, found 3 plugins.
Preloading 0 native plugins for Editor in 0.00 ms.
Unloading 2084 Unused Serialized files (Serialized files now loaded: 0)
System memory in use before: 95.7 MB.
System memory in use after: 95.8 MB.

Unloading 16 unused Assets to reduce memory usage. Loaded Objects now: 2569.
Total: 3.130800 ms (FindLiveObjects: 0.199300 ms CreateObjectMapping: 0.072000 ms MarkObjects: 2.843700 ms  DeleteObjects: 0.014900 ms)

AssetImportParameters requested are different than current active one (requested -> active):
  custom:framework-win-MediaFoundation: 216162199b28c13a410421893ffa2e32 -> 
  custom:video-decoder-ogg-theora: a1e56fd34408186e4bbccfd4996cb3dc -> 
  custom:container-muxer-webm: aa71ff27fc2769a1b78a27578f13a17b -> 
  custom:container-demuxer-webm: 4f35f7cbe854078d1ac9338744f61a02 -> 
  custom:container-demuxer-ogg: 62fdf1f143b41e24485cea50d1cbac27 -> 
  custom:video-encoder-webm-vp8: eb34c28f22e8b96e1ab97ce403110664 -> 
  custom:video-decoder-webm-vp8: 9c59270c3fd7afecdb556c50c9e8de78 -> 
  custom:audio-decoder-ogg-vorbis: bf7c407c2cedff20999df2af8eb42d56 -> 
  custom:audio-encoder-webm-vorbis: bf7c407c2cedff20999df2af8eb42d56 -> 
========================================================================
Received Prepare
Registering precompiled user dll's ...
Registered in 0.002273 seconds.
Begin MonoManager ReloadAssembly
Native extension for WindowsStandalone target not found
Refreshing native plugins compatible for Editor in 0.43 ms, found 3 plugins.
Preloading 0 native plugins for Editor in 0.00 ms.
log4net:ERROR Error while loading XML configuration
System.Xml.XmlException: ' ' is an unexpected token. The expected token is ';'. Line 3, position 34.
  at System.Xml.XmlTextReaderImpl.Throw (System.Exception e) [0x00027] in <0f9699188f0c414ea6fb5557f5c16d15>:0 
  at System.Xml.XmlTextReaderImpl.Throw (System.String res, System.String[] args) [0x00029] in <0f9699188f0c414ea6fb5557f5c16d15>:0 
  at System.Xml.XmlTextReaderImpl.ThrowUnexpectedToken (System.String expectedToken1, System.String expectedToken2) [0x00036] in <0f9699188f0c414ea6fb5557f5c16d15>:0 
  at System.Xml.XmlTextReaderImpl.ThrowUnexpectedToken (System.Int32 pos, System.String expectedToken1, System.String expectedToken2) [0x0000c] in <0f9699188f0c414ea6fb5557f5c16d15>:0 
  at System.Xml.XmlTextReaderImpl.ThrowUnexpectedToken (System.Int32 pos, System.String expectedToken) [0x00000] in <0f9699188f0c414ea6fb5557f5c16d15>:0 
  at System.Xml.XmlTextReaderImpl.HandleEntityReference (System.Boolean isInAttributeValue, System.Xml.XmlTextReaderImpl+EntityExpandType expandType, System.Int32& charRefEndPos) [0x000e5] in <0f9699188f0c414ea6fb5557f5c16d15>:0 
  at System.Xml.XmlTextReaderImpl.ParseAttributeValueSlow (System.Int32 curPos, System.Char quoteChar, System.Xml.XmlTextReaderImpl+NodeData attr) [0x002a5] in <0f9699188f0c414ea6fb5557f5c16d15>:0 
  at System.Xml.XmlTextReaderImpl.ParseAttributes () [0x0039a] in <0f9699188f0c414ea6fb5557f5c16d15>:0 
  at System.Xml.XmlTextReaderImpl.ParseElement () [0x001df] in <0f9699188f0c414ea6fb5557f5c16d15>:0 
  at System.Xml.XmlTextReaderImpl.ParseElementContent () [0x0016f] in <0f9699188f0c414ea6fb5557f5c16d15>:0 
  at System.Xml.XmlTextReaderImpl.Read () [0x00085] in <0f9699188f0c414ea6fb5557f5c16d15>:0 
  at System.Xml.XmlLoader.LoadNode (System.Boolean skipOverWhitespace) [0x0025b] in <0f9699188f0c414ea6fb5557f5c16d15>:0 
  at System.Xml.XmlLoader.LoadDocSequence (System.Xml.XmlDocument parentDoc) [0x0001b] in <0f9699188f0c414ea6fb5557f5c16d15>:0 
  at System.Xml.XmlLoader.Load (System.Xml.XmlDocument doc, System.Xml.XmlReader reader, System.Boolean preserveWhitespace) [0x000b4] in <0f9699188f0c414ea6fb5557f5c16d15>:0 
  at System.Xml.XmlDocument.Load (System.Xml.XmlReader reader) [0x0002e] in <0f9699188f0c414ea6fb5557f5c16d15>:0 
  at log4net.Config.XmlConfigurator.InternalConfigure (log4net.Repository.ILoggerRepository repository, System.IO.Stream configStream) [0x00063] in <e1a77b5dfa0c4a1f8ba616c017f5e0b8>:0 
Mono: successfully reloaded assembly
- Completed reload, in  0.642 seconds
Domain Reload Profiling:
	ReloadAssembly (642ms)
		BeginReloadAssembly (76ms)
			ExecutionOrderSort (0ms)
			DisableScriptedObjects (4ms)
			BackupInstance (0ms)
			ReleaseScriptingObjects (0ms)
			CreateAndSetChildDomain (28ms)
		EndReloadAssembly (527ms)
			LoadAssemblies (54ms)
			RebuildTransferFunctionScriptingTraits (0ms)
			SetupTypeCache (170ms)
			ReleaseScriptCaches (1ms)
			RebuildScriptCaches (25ms)
			SetupLoadedEditorAssemblies (211ms)
				LogAssemblyErrors (0ms)
				InitializePlatformSupportModulesInManaged (3ms)
				SetLoadedEditorAssemblies (0ms)
				RefreshPlugins (0ms)
				BeforeProcessingInitializeOnLoad (35ms)
				ProcessInitializeOnLoadAttributes (165ms)
				ProcessInitializeOnLoadMethodAttributes (4ms)
				AfterProcessingInitializeOnLoad (3ms)
				EditorAssembliesLoaded (0ms)
			ExecutionOrderSort2 (0ms)
			AwakeInstancesAfterBackupRestoration (7ms)
Platform modules already initialized, skipping
Refreshing native plugins compatible for Editor in 2.07 ms, found 3 plugins.
Preloading 0 native plugins for Editor in 0.00 ms.
Unloading 2084 Unused Serialized files (Serialized files now loaded: 0)
System memory in use before: 95.7 MB.
System memory in use after: 95.8 MB.

Unloading 16 unused Assets to reduce memory usage. Loaded Objects now: 2572.
Total: 2.664400 ms (FindLiveObjects: 0.182000 ms CreateObjectMapping: 0.060900 ms MarkObjects: 2.406500 ms  DeleteObjects: 0.014400 ms)

AssetImportParameters requested are different than current active one (requested -> active):
  custom:framework-win-MediaFoundation: 216162199b28c13a410421893ffa2e32 -> 
  custom:video-decoder-ogg-theora: a1e56fd34408186e4bbccfd4996cb3dc -> 
  custom:container-muxer-webm: aa71ff27fc2769a1b78a27578f13a17b -> 
  custom:container-demuxer-webm: 4f35f7cbe854078d1ac9338744f61a02 -> 
  custom:container-demuxer-ogg: 62fdf1f143b41e24485cea50d1cbac27 -> 
  custom:video-encoder-webm-vp8: eb34c28f22e8b96e1ab97ce403110664 -> 
  custom:video-decoder-webm-vp8: 9c59270c3fd7afecdb556c50c9e8de78 -> 
  custom:audio-decoder-ogg-vorbis: bf7c407c2cedff20999df2af8eb42d56 -> 
  custom:audio-encoder-webm-vorbis: bf7c407c2cedff20999df2af8eb42d56 -> 
AssetImportWorkerClient::OnTransportError - code=2 error=End of file
